<?xml version="1.0" encoding="UTF-8"?>
<!-- Generated by org.testng.reporters.JUnitXMLReporter -->
<testsuite hostname="DESKTOP-N6I0BOF" ignored="0" name="FlightBook_Firefox" tests="1" failures="1" timestamp="21 Jun 2019 23:11:41 GMT" time="48.283" errors="0">
  <testcase name="feature" time="47.756" classname="ae.tajawal.flightbooking.runner.TestRunner">
    <failure type="cucumber.runtime.CucumberException" message="org.junit.ComparisonFailure: expected:&amp;lt;[Chennai]&amp;gt; but was:&amp;lt;[MAA]&amp;gt;">
      <![CDATA[cucumber.runtime.CucumberException: org.junit.ComparisonFailure: expected:<[Chennai]> but was:<[MAA]>
at cucumber.api.testng.TestNGCucumberRunner.runCucumber(TestNGCucumberRunner.java:69)
at ae.tajawal.flightbooking.runner.TestRunner.feature(TestRunner.java:33)
at java.util.concurrent.ThreadPoolExecutor.runWorker(ThreadPoolExecutor.java:1149)
at java.util.concurrent.ThreadPoolExecutor$Worker.run(ThreadPoolExecutor.java:624)
at java.lang.Thread.run(Thread.java:748)
Caused by: org.junit.ComparisonFailure: expected:<[Chennai]> but was:<[MAA]>
at org.junit.Assert.assertEquals(Assert.java:115)
at org.junit.Assert.assertEquals(Assert.java:144)
at ae.tajawal.flightbooking.stepdef.StepDefinition.verifySearchResult(StepDefinition.java:81)
at âœ½.Then Search summary module should be displayed as per the search query data(src/test/java/ae/tajawal/flightbooking/features/TajawalReservation.feature:8)
... Removed 10 stack frames]]>
    </failure>
  </testcase> <!-- feature -->
</testsuite> <!-- FlightBook_Firefox -->
